2025-04-28T13:01:19.073Z - === NEW REQUEST RECEIVED ===
2025-04-28T13:01:19.081Z - Method: POST
2025-04-28T13:01:19.084Z - URL: http://localhost:3000/api/admin/reset-password
2025-04-28T13:01:19.089Z - Headers: {"accept":"*/*","accept-encoding":"gzip, deflate","accept-language":"*","access-control-allow-headers":"Content-Type, Authorization","access-control-allow-methods":"GET, POST, PUT, DELETE, OPTIONS","access-control-allow-origin":"*","connection":"keep-alive","content-length":"77","content-type":"application/json","host":"localhost:3000","sec-fetch-mode":"cors","user-agent":"node","x-forwarded-for":"::1","x-forwarded-host":"localhost:3000","x-forwarded-port":"3000","x-forwarded-proto":"http"}
2025-04-28T13:01:19.091Z - Body: {"userId":"001289c3-3fd8-4853-98cd-3c8c7df9f09d","newPassword":"Admin@2025!"}
2025-04-28T13:01:19.094Z - === REQUEST PROCESSING COMPLETE ===
2025-04-28T13:05:30.268Z - === NEW REQUEST RECEIVED ===
2025-04-28T13:05:30.273Z - Method: POST
2025-04-28T13:05:30.279Z - URL: http://localhost:3000/api/admin/reset-password
2025-04-28T13:05:30.284Z - Headers: {"accept":"*/*","accept-encoding":"gzip, deflate","accept-language":"*","access-control-allow-headers":"Content-Type, Authorization","access-control-allow-methods":"GET, POST, PUT, DELETE, OPTIONS","access-control-allow-origin":"*","connection":"keep-alive","content-length":"81","content-type":"application/json","host":"localhost:3000","sec-fetch-mode":"cors","user-agent":"node","x-forwarded-for":"::1","x-forwarded-host":"localhost:3000","x-forwarded-port":"3000","x-forwarded-proto":"http"}
2025-04-28T13:05:30.291Z - Body: {"userId":"001289c3-3fd8-4853-98cd-3c8c7df9f09d","newPassword":"Concrete@jungle"}
2025-04-28T13:05:30.295Z - === REQUEST PROCESSING COMPLETE ===
2025-04-28T13:09:44.526Z - === NEW REQUEST RECEIVED ===
2025-04-28T13:09:44.529Z - Method: POST
2025-04-28T13:09:44.531Z - URL: http://localhost:3000/api/admin/reset-password
2025-04-28T13:09:44.534Z - Headers: {"accept":"*/*","accept-encoding":"gzip, deflate","accept-language":"*","access-control-allow-headers":"Content-Type, Authorization","access-control-allow-methods":"GET, POST, PUT, DELETE, OPTIONS","access-control-allow-origin":"*","connection":"keep-alive","content-length":"75","content-type":"application/json","host":"localhost:3000","sec-fetch-mode":"cors","user-agent":"node","x-forwarded-for":"::1","x-forwarded-host":"localhost:3000","x-forwarded-port":"3000","x-forwarded-proto":"http"}
2025-04-28T13:09:44.536Z - Body: {"userId":"001289c3-3fd8-4853-98cd-3c8c7df9f09d","newPassword":"Admin@123"}
2025-04-28T13:09:44.541Z - === REQUEST PROCESSING COMPLETE ===
2025-04-28T13:50:32.345Z - === NEW REQUEST RECEIVED ===
2025-04-28T13:50:32.350Z - Method: POST
2025-04-28T13:50:32.353Z - URL: http://localhost:3000/api/admin/delete-user
2025-04-28T13:50:32.356Z - Headers: {"accept":"*/*","accept-encoding":"gzip, deflate","accept-language":"*","access-control-allow-headers":"Content-Type, Authorization","access-control-allow-methods":"GET, POST, PUT, DELETE, OPTIONS","access-control-allow-origin":"*","connection":"keep-alive","content-length":"49","content-type":"application/json","host":"localhost:3000","sec-fetch-mode":"cors","user-agent":"node","x-forwarded-for":"::1","x-forwarded-host":"localhost:3000","x-forwarded-port":"3000","x-forwarded-proto":"http"}
2025-04-28T13:50:32.359Z - Body: {"userId":"001289c3-3fd8-4853-98cd-3c8c7df9f09d"}
2025-04-28T13:50:32.366Z - === REQUEST PROCESSING COMPLETE ===
